# JRE version: OpenJDK Runtime Environment (8.0_152-b01) (build 1.8.0_152-release-915-b01)
# Java VM: OpenJDK 64-Bit Server VM (25.152-b01 mixed mode windows-amd64 compressed oops)
Heap:
 PSYoungGen      total 155136K, used 128047K [0x00000000e0000000, 0x00000000ec080000, 0x0000000100000000)
  eden space 127488K, 90% used [0x00000000e0000000,0x00000000e70e3c00,0x00000000e7c80000)
  from space 27648K, 45% used [0x00000000e7c80000,0x00000000e88a8020,0x00000000e9780000)
  to   space 26624K, 0% used [0x00000000ea680000,0x00000000ea680000,0x00000000ec080000)
 ParOldGen       total 179712K, used 46850K [0x00000000a0000000, 0x00000000aaf80000, 0x00000000e0000000)
  object space 179712K, 26% used [0x00000000a0000000,0x00000000a2dc09d8,0x00000000aaf80000)
 Metaspace       used 64835K, capacity 68364K, committed 68608K, reserved 1107968K
  class space    used 8602K, capacity 9436K, committed 9472K, reserved 1048576K
GC Heap History (10 events):
Event: 32.617 GC heap before
{Heap before GC invocations=18 (full 2):
 PSYoungGen      total 108544K, used 40027K [0x00000000e0000000, 0x00000000ea380000, 0x0000000100000000)
  eden space 87040K, 21% used [0x00000000e0000000,0x00000000e12172e8,0x00000000e5500000)
  from space 21504K, 99% used [0x00000000e5500000,0x00000000e69ff9d0,0x00000000e6a00000)
  to   space 27136K, 0% used [0x00000000e8900000,0x00000000e8900000,0x00000000ea380000)
 ParOldGen       total 117760K, used 30474K [0x00000000a0000000, 0x00000000a7300000, 0x00000000e0000000)
  object space 117760K, 25% used [0x00000000a0000000,0x00000000a1dc2ad0,0x00000000a7300000)
 Metaspace       used 56624K, capacity 58978K, committed 59008K, reserved 1099776K
  class space    used 7719K, capacity 8305K, committed 8320K, reserved 1048576K
Event: 32.649 GC heap after
Heap after GC invocations=18 (full 2):
 PSYoungGen      total 137728K, used 22985K [0x00000000e0000000, 0x00000000ea980000, 0x0000000100000000)
  eden space 110592K, 0% used [0x00000000e0000000,0x00000000e0000000,0x00000000e6c00000)
  from space 27136K, 84% used [0x00000000e8900000,0x00000000e9f72408,0x00000000ea380000)
  to   space 29696K, 0% used [0x00000000e6c00000,0x00000000e6c00000,0x00000000e8900000)
 ParOldGen       total 117760K, used 30482K [0x00000000a0000000, 0x00000000a7300000, 0x00000000e0000000)
  object space 117760K, 25% used [0x00000000a0000000,0x00000000a1dc4ad0,0x00000000a7300000)
 Metaspace       used 56624K, capacity 58978K, committed 59008K, reserved 1099776K
  class space    used 7719K, capacity 8305K, committed 8320K, reserved 1048576K
}
Event: 32.649 GC heap before
{Heap before GC invocations=19 (full 3):
 PSYoungGen      total 137728K, used 22985K [0x00000000e0000000, 0x00000000ea980000, 0x0000000100000000)
  eden space 110592K, 0% used [0x00000000e0000000,0x00000000e0000000,0x00000000e6c00000)
  from space 27136K, 84% used [0x00000000e8900000,0x00000000e9f72408,0x00000000ea380000)
  to   space 29696K, 0% used [0x00000000e6c00000,0x00000000e6c00000,0x00000000e8900000)
 ParOldGen       total 117760K, used 30482K [0x00000000a0000000, 0x00000000a7300000, 0x00000000e0000000)
  object space 117760K, 25% used [0x00000000a0000000,0x00000000a1dc4ad0,0x00000000a7300000)
 Metaspace       used 56624K, capacity 58978K, committed 59008K, reserved 1099776K
  class space    used 7719K, capacity 8305K, committed 8320K, reserved 1048576K
Event: 32.969 GC heap after
Heap after GC invocations=19 (full 3):
 PSYoungGen      total 137728K, used 0K [0x00000000e0000000, 0x00000000ea980000, 0x0000000100000000)
  eden space 110592K, 0% used [0x00000000e0000000,0x00000000e0000000,0x00000000e6c00000)
  from space 27136K, 0% used [0x00000000e8900000,0x00000000e8900000,0x00000000ea380000)
  to   space 29696K, 0% used [0x00000000e6c00000,0x00000000e6c00000,0x00000000e8900000)
 ParOldGen       total 179712K, used 46826K [0x00000000a0000000, 0x00000000aaf80000, 0x00000000e0000000)
  object space 179712K, 26% used [0x00000000a0000000,0x00000000a2dba9d8,0x00000000aaf80000)
 Metaspace       used 56624K, capacity 58978K, committed 59008K, reserved 1099776K
  class space    used 7719K, capacity 8305K, committed 8320K, reserved 1048576K
}
Event: 42.551 GC heap before
{Heap before GC invocations=20 (full 3):
 PSYoungGen      total 137728K, used 110592K [0x00000000e0000000, 0x00000000ea980000, 0x0000000100000000)
  eden space 110592K, 100% used [0x00000000e0000000,0x00000000e6c00000,0x00000000e6c00000)
  from space 27136K, 0% used [0x00000000e8900000,0x00000000e8900000,0x00000000ea380000)
  to   space 29696K, 0% used [0x00000000e6c00000,0x00000000e6c00000,0x00000000e8900000)
 ParOldGen       total 179712K, used 46826K [0x00000000a0000000, 0x00000000aaf80000, 0x00000000e0000000)
  object space 179712K, 26% used [0x00000000a0000000,0x00000000a2dba9d8,0x00000000aaf80000)
 Metaspace       used 60968K, capacity 63748K, committed 64000K, reserved 1103872K
  class space    used 8149K, capacity 8874K, committed 8960K, reserved 1048576K
Event: 42.562 GC heap after
Heap after GC invocations=20 (full 3):
 PSYoungGen      total 140288K, used 9491K [0x00000000e0000000, 0x00000000eb780000, 0x0000000100000000)
  eden space 110592K, 0% used [0x00000000e0000000,0x00000000e0000000,0x00000000e6c00000)
  from space 29696K, 31% used [0x00000000e6c00000,0x00000000e7544fc0,0x00000000e8900000)
  to   space 28672K, 0% used [0x00000000e9b80000,0x00000000e9b80000,0x00000000eb780000)
 ParOldGen       total 179712K, used 46834K [0x00000000a0000000, 0x00000000aaf80000, 0x00000000e0000000)
  object space 179712K, 26% used [0x00000000a0000000,0x00000000a2dbc9d8,0x00000000aaf80000)
 Metaspace       used 60968K, capacity 63748K, committed 64000K, reserved 1103872K
  class space    used 8149K, capacity 8874K, committed 8960K, reserved 1048576K
}
Event: 113.933 GC heap before
{Heap before GC invocations=21 (full 3):
 PSYoungGen      total 140288K, used 120083K [0x00000000e0000000, 0x00000000eb780000, 0x0000000100000000)
  eden space 110592K, 100% used [0x00000000e0000000,0x00000000e6c00000,0x00000000e6c00000)
  from space 29696K, 31% used [0x00000000e6c00000,0x00000000e7544fc0,0x00000000e8900000)
  to   space 28672K, 0% used [0x00000000e9b80000,0x00000000e9b80000,0x00000000eb780000)
 ParOldGen       total 179712K, used 46834K [0x00000000a0000000, 0x00000000aaf80000, 0x00000000e0000000)
  object space 179712K, 26% used [0x00000000a0000000,0x00000000a2dbc9d8,0x00000000aaf80000)
 Metaspace       used 63245K, capacity 66314K, committed 66560K, reserved 1105920K
  class space    used 8437K, capacity 9195K, committed 9216K, reserved 1048576K
Event: 113.952 GC heap after
Heap after GC invocations=21 (full 3):
 PSYoungGen      total 151040K, used 7902K [0x00000000e0000000, 0x00000000eb280000, 0x0000000100000000)
  eden space 127488K, 0% used [0x00000000e0000000,0x00000000e0000000,0x00000000e7c80000)
  from space 23552K, 33% used [0x00000000e9b80000,0x00000000ea337a20,0x00000000eb280000)
  to   space 27648K, 0% used [0x00000000e7c80000,0x00000000e7c80000,0x00000000e9780000)
 ParOldGen       total 179712K, used 46842K [0x00000000a0000000, 0x00000000aaf80000, 0x00000000e0000000)
  object space 179712K, 26% used [0x00000000a0000000,0x00000000a2dbe9d8,0x00000000aaf80000)
 Metaspace       used 63245K, capacity 66314K, committed 66560K, reserved 1105920K
  class space    used 8437K, capacity 9195K, committed 9216K, reserved 1048576K
}
Event: 129.025 GC heap before
{Heap before GC invocations=22 (full 3):
 PSYoungGen      total 151040K, used 135390K [0x00000000e0000000, 0x00000000eb280000, 0x0000000100000000)
  eden space 127488K, 100% used [0x00000000e0000000,0x00000000e7c80000,0x00000000e7c80000)
  from space 23552K, 33% used [0x00000000e9b80000,0x00000000ea337a20,0x00000000eb280000)
  to   space 27648K, 0% used [0x00000000e7c80000,0x00000000e7c80000,0x00000000e9780000)
 ParOldGen       total 179712K, used 46842K [0x00000000a0000000, 0x00000000aaf80000, 0x00000000e0000000)
  object space 179712K, 26% used [0x00000000a0000000,0x00000000a2dbe9d8,0x00000000aaf80000)
 Metaspace       used 64227K, capacity 67412K, committed 67456K, reserved 1107968K
  class space    used 8532K, capacity 9324K, committed 9344K, reserved 1048576K
Event: 129.050 GC heap after
Heap after GC invocations=22 (full 3):
 PSYoungGen      total 155136K, used 12448K [0x00000000e0000000, 0x00000000ec080000, 0x0000000100000000)
  eden space 127488K, 0% used [0x00000000e0000000,0x00000000e0000000,0x00000000e7c80000)
  from space 27648K, 45% used [0x00000000e7c80000,0x00000000e88a8020,0x00000000e9780000)
  to   space 26624K, 0% used [0x00000000ea680000,0x00000000ea680000,0x00000000ec080000)
 ParOldGen       total 179712K, used 46850K [0x00000000a0000000, 0x00000000aaf80000, 0x00000000e0000000)
  object space 179712K, 26% used [0x00000000a0000000,0x00000000a2dc09d8,0x00000000aaf80000)
 Metaspace       used 64227K, capacity 67412K, committed 67456K, reserved 1107968K
  class space    used 8532K, capacity 9324K, committed 9344K, reserved 1048576K
}

